Using pre-set license
Built from '2020.2/release' branch; Version is '2020.2.2f1 (068178b99f32) revision 426360'; Using compiler version '192528614'; Build Type 'Release'
OS: 'Windows 10 Home; OS build 19041.1052; Version 2004; 64bit' Language: 'en' Physical Memory: 32704 MB
BatchMode: 1, IsHumanControllingUs: 0, StartBugReporterOnCrash: 0, Is64bit: 1, IsPro: 0

 COMMAND LINE ARGUMENTS:
C:\Program Files\Unity\Hub\Editor\2020.2.2f1\Editor\Unity.exe
-adb2
-batchMode
-noUpm
-name
AssetImportWorker0
-projectPath
C:/Users/Rhys/Documents/GitHub/DoodleJump/Doodlejump
-logFile
Logs/AssetImportWorker0.log
-srvPort
52276
Successfully changed project path to: C:/Users/Rhys/Documents/GitHub/DoodleJump/Doodlejump
C:/Users/Rhys/Documents/GitHub/DoodleJump/Doodlejump
Using Asset Import Pipeline V2.
Refreshing native plugins compatible for Editor in 32.99 ms, found 1 plugins.
Preloading 0 native plugins for Editor in 0.00 ms.
Initialize engine version: 2020.2.2f1 (068178b99f32)
[Subsystems] Discovering subsystems at path C:/Program Files/Unity/Hub/Editor/2020.2.2f1/Editor/Data/Resources/UnitySubsystems
[Subsystems] Discovering subsystems at path C:/Users/Rhys/Documents/GitHub/DoodleJump/Doodlejump/Assets
GfxDevice: creating device client; threaded=0
Direct3D:
    Version:  Direct3D 11.0 [level 11.1]
    Renderer: NVIDIA GeForce GTX 1070 (ID=0x1b81)
    Vendor:   
    VRAM:     8088 MB
    Driver:   27.21.14.5671
Initialize mono
Mono path[0] = 'C:/Program Files/Unity/Hub/Editor/2020.2.2f1/Editor/Data/Managed'
Mono path[1] = 'C:/Program Files/Unity/Hub/Editor/2020.2.2f1/Editor/Data/MonoBleedingEdge/lib/mono/unityjit'
Mono config path = 'C:/Program Files/Unity/Hub/Editor/2020.2.2f1/Editor/Data/MonoBleedingEdge/etc'
Using monoOptions --debugger-agent=transport=dt_socket,embedding=1,server=y,suspend=n,address=127.0.0.1:56276
Begin MonoManager ReloadAssembly
Registering precompiled unity dll's ...
Register platform support module: C:/Program Files/Unity/Hub/Editor/2020.2.2f1/Editor/Data/PlaybackEngines/WindowsStandaloneSupport/UnityEditor.WindowsStandalone.Extensions.dll
Registered in 0.002095 seconds.
Native extension for WindowsStandalone target not found
Refreshing native plugins compatible for Editor in 29.10 ms, found 1 plugins.
Preloading 0 native plugins for Editor in 0.00 ms.
Invoked RoslynAnalysisRunner static constructor.
RoslynAnalysisRunner will not be running.
RoslynAnalysisRunner has terminated.
Mono: successfully reloaded assembly
- Completed reload, in  0.908 seconds
Platform modules already initialized, skipping
Registering precompiled user dll's ...
Registered in 0.001047 seconds.
Begin MonoManager ReloadAssembly
Native extension for WindowsStandalone target not found
Refreshing native plugins compatible for Editor in 29.06 ms, found 1 plugins.
Preloading 0 native plugins for Editor in 0.00 ms.
Invoked RoslynAnalysisRunner static constructor.
RoslynAnalysisRunner will not be running.
RoslynAnalysisRunner has terminated.
Mono: successfully reloaded assembly
- Completed reload, in  0.761 seconds
Platform modules already initialized, skipping
========================================================================
Worker process is ready to serve import requests
Launched and connected shader compiler UnityShaderCompiler.exe after 0.04 seconds
Refreshing native plugins compatible for Editor in 0.28 ms, found 1 plugins.
Preloading 0 native plugins for Editor in 0.00 ms.
Unloading 1800 Unused Serialized files (Serialized files now loaded: 0)
System memory in use before: 84.6 MB.
System memory in use after: 84.6 MB.

Unloading 24 unused Assets to reduce memory usage. Loaded Objects now: 2243.
Total: 1.717900 ms (FindLiveObjects: 0.179100 ms CreateObjectMapping: 0.072500 ms MarkObjects: 1.361300 ms  DeleteObjects: 0.103900 ms)

========================================================================
Received Import Request.
  path: Assets/MasterAudio.mixer
  artifactKey: Guid(4d606bf2423c8d64792b853cb71e32d9) Importer(815301076,1909f56bfc062723c751e8b465ee728b)
Start importing Assets/MasterAudio.mixer using Guid(4d606bf2423c8d64792b853cb71e32d9) Importer(815301076,1909f56bfc062723c751e8b465ee728b)  -> (artifact id: 'de4fa4af8f909c5966802aca8d1e2ec0') in 0.043439 seconds
  Import took 0.046680 seconds .

========================================================================
Received Import Request.
  Time since last request: 3.458736 seconds.
  path: Assets/Scripts
  artifactKey: Guid(f57b50fc4c0d056428a972ce6683ae70) Importer(815301076,1909f56bfc062723c751e8b465ee728b)
Start importing Assets/Scripts using Guid(f57b50fc4c0d056428a972ce6683ae70) Importer(815301076,1909f56bfc062723c751e8b465ee728b)  -> (artifact id: 'ea3a0942446729dc676a6e49828fcd13') in 0.002608 seconds
  Import took 0.005899 seconds .

========================================================================
Received Import Request.
  Time since last request: 0.742858 seconds.
  path: Assets/AudioManager.cs
  artifactKey: Guid(6dfd21673dcb4e645a83d7c2e9de3acc) Importer(815301076,1909f56bfc062723c751e8b465ee728b)
Start importing Assets/AudioManager.cs using Guid(6dfd21673dcb4e645a83d7c2e9de3acc) Importer(815301076,1909f56bfc062723c751e8b465ee728b)  -> (artifact id: '91f91449ecbb70e36ca6715de78cb879') in 0.005573 seconds
  Import took 0.008788 seconds .

========================================================================
Received Import Request.
  Time since last request: 0.019820 seconds.
  path: Assets/AudioManager.cs
  artifactKey: Guid(6dfd21673dcb4e645a83d7c2e9de3acc) Importer(815301076,1909f56bfc062723c751e8b465ee728b)
Start importing Assets/AudioManager.cs using Guid(6dfd21673dcb4e645a83d7c2e9de3acc) Importer(815301076,1909f56bfc062723c751e8b465ee728b)  -> (artifact id: '91f91449ecbb70e36ca6715de78cb879') in 0.002189 seconds
  Import took 0.005789 seconds .

========================================================================
Received Import Request.
  Time since last request: 1.041694 seconds.
  path: Assets/DM.cs
  artifactKey: Guid(117cedb464269d94a82fb0a5c8746554) Importer(815301076,1909f56bfc062723c751e8b465ee728b)
Start importing Assets/DM.cs using Guid(117cedb464269d94a82fb0a5c8746554) Importer(815301076,1909f56bfc062723c751e8b465ee728b)  -> (artifact id: '59ad18df6539c7b3097a8158001aff38') in 0.002458 seconds
  Import took 0.006201 seconds .

========================================================================
Received Import Request.
  Time since last request: 0.539307 seconds.
  path: Assets/GameData.cs
  artifactKey: Guid(70fdb1adff3b65b4994e15ab9ee93554) Importer(815301076,1909f56bfc062723c751e8b465ee728b)
Start importing Assets/GameData.cs using Guid(70fdb1adff3b65b4994e15ab9ee93554) Importer(815301076,1909f56bfc062723c751e8b465ee728b)  -> (artifact id: '1d5e2dd2210246c32157464175dff482') in 0.002186 seconds
  Import took 0.005763 seconds .

========================================================================
Received Import Request.
  Time since last request: 0.621832 seconds.
  path: Assets/PlayerController.cs
  artifactKey: Guid(def1a88217667014083db296cbc4123a) Importer(815301076,1909f56bfc062723c751e8b465ee728b)
Start importing Assets/PlayerController.cs using Guid(def1a88217667014083db296cbc4123a) Importer(815301076,1909f56bfc062723c751e8b465ee728b)  -> (artifact id: '77a76c8a9bdd5aacb9a0e5730546135c') in 0.002180 seconds
  Import took 0.005872 seconds .

========================================================================
Received Prepare
Registering precompiled user dll's ...
Registered in 0.001032 seconds.
Begin MonoManager ReloadAssembly
Native extension for WindowsStandalone target not found
Refreshing native plugins compatible for Editor in 0.30 ms, found 1 plugins.
Preloading 0 native plugins for Editor in 0.00 ms.
Invoked RoslynAnalysisRunner static constructor.
RoslynAnalysisRunner will not be running.
RoslynAnalysisRunner has terminated.
Mono: successfully reloaded assembly
- Completed reload, in  0.724 seconds
Platform modules already initialized, skipping
Refreshing native plugins compatible for Editor in 0.29 ms, found 1 plugins.
Preloading 0 native plugins for Editor in 0.00 ms.
Unloading 1795 Unused Serialized files (Serialized files now loaded: 0)
System memory in use before: 84.7 MB.
System memory in use after: 84.7 MB.

Unloading 12 unused Assets to reduce memory usage. Loaded Objects now: 2246.
Total: 1.580700 ms (FindLiveObjects: 0.148200 ms CreateObjectMapping: 0.052000 ms MarkObjects: 1.297700 ms  DeleteObjects: 0.082100 ms)

========================================================================
Received Import Request.
  Time since last request: 11.930835 seconds.
  path: Assets/Resources
  artifactKey: Guid(8c7371d5d297ae6438efcc2561679b4a) Importer(815301076,1909f56bfc062723c751e8b465ee728b)
Start importing Assets/Resources using Guid(8c7371d5d297ae6438efcc2561679b4a) Importer(815301076,1909f56bfc062723c751e8b465ee728b)  -> (artifact id: '701a29fa78c1c70aec0663f868bccfd2') in 0.004135 seconds
  Import took 0.007388 seconds .

========================================================================
Received Import Request.
  Time since last request: 0.004049 seconds.
  path: Assets/Resources
  artifactKey: Guid(8c7371d5d297ae6438efcc2561679b4a) Importer(815301076,1909f56bfc062723c751e8b465ee728b)
Start importing Assets/Resources using Guid(8c7371d5d297ae6438efcc2561679b4a) Importer(815301076,1909f56bfc062723c751e8b465ee728b)  -> (artifact id: '701a29fa78c1c70aec0663f868bccfd2') in 0.002058 seconds
  Import took 0.005404 seconds .

========================================================================
Received Import Request.
  Time since last request: 3.861010 seconds.
  path: Assets/Prefab/Player.prefab
  artifactKey: Guid(a263e432b73518e4aa60112cc06c1311) Importer(815301076,1909f56bfc062723c751e8b465ee728b)
Start importing Assets/Prefab/Player.prefab using Guid(a263e432b73518e4aa60112cc06c1311) Importer(815301076,1909f56bfc062723c751e8b465ee728b)  -> (artifact id: 'b7496443b4d61c314142ddbeb97842d1') in 0.063907 seconds
  Import took 0.067697 seconds .

========================================================================
Received Prepare
Registering precompiled user dll's ...
Registered in 0.000989 seconds.
Begin MonoManager ReloadAssembly
Native extension for WindowsStandalone target not found
Refreshing native plugins compatible for Editor in 0.30 ms, found 1 plugins.
Preloading 0 native plugins for Editor in 0.00 ms.
Invoked RoslynAnalysisRunner static constructor.
RoslynAnalysisRunner will not be running.
RoslynAnalysisRunner has terminated.
Mono: successfully reloaded assembly
- Completed reload, in  0.873 seconds
Platform modules already initialized, skipping
Refreshing native plugins compatible for Editor in 0.29 ms, found 1 plugins.
Preloading 0 native plugins for Editor in 0.00 ms.
Unloading 1795 Unused Serialized files (Serialized files now loaded: 0)
System memory in use before: 88.0 MB.
System memory in use after: 88.0 MB.

Unloading 12 unused Assets to reduce memory usage. Loaded Objects now: 2256.
Total: 1.928000 ms (FindLiveObjects: 0.145300 ms CreateObjectMapping: 0.087300 ms MarkObjects: 1.612200 ms  DeleteObjects: 0.081800 ms)

========================================================================
Received Import Request.
  Time since last request: 35.781918 seconds.
  path: Assets/Scripts/AudioManager.cs
  artifactKey: Guid(6dfd21673dcb4e645a83d7c2e9de3acc) Importer(815301076,1909f56bfc062723c751e8b465ee728b)
Start importing Assets/Scripts/AudioManager.cs using Guid(6dfd21673dcb4e645a83d7c2e9de3acc) Importer(815301076,1909f56bfc062723c751e8b465ee728b)  -> (artifact id: 'd20fa171e2115224524ad6b7c7492fbb') in 0.004172 seconds
  Import took 0.007471 seconds .

========================================================================
Received Prepare
Registering precompiled user dll's ...
Registered in 0.000993 seconds.
Begin MonoManager ReloadAssembly
Native extension for WindowsStandalone target not found
Refreshing native plugins compatible for Editor in 0.29 ms, found 1 plugins.
Preloading 0 native plugins for Editor in 0.00 ms.
Invoked RoslynAnalysisRunner static constructor.
RoslynAnalysisRunner will not be running.
RoslynAnalysisRunner has terminated.
Mono: successfully reloaded assembly
- Completed reload, in  0.846 seconds
Platform modules already initialized, skipping
Refreshing native plugins compatible for Editor in 0.31 ms, found 1 plugins.
Preloading 0 native plugins for Editor in 0.00 ms.
Unloading 1795 Unused Serialized files (Serialized files now loaded: 0)
System memory in use before: 88.1 MB.
System memory in use after: 88.1 MB.

Unloading 12 unused Assets to reduce memory usage. Loaded Objects now: 2259.
Total: 1.609600 ms (FindLiveObjects: 0.169700 ms CreateObjectMapping: 0.070900 ms MarkObjects: 1.283100 ms  DeleteObjects: 0.084700 ms)

========================================================================
Received Import Request.
  Time since last request: 28.130437 seconds.
  path: Assets/Scripts/DestroyManager.cs
  artifactKey: Guid(c0f1a7b5dccf8ad46966dba7bc28cea9) Importer(815301076,1909f56bfc062723c751e8b465ee728b)
Start importing Assets/Scripts/DestroyManager.cs using Guid(c0f1a7b5dccf8ad46966dba7bc28cea9) Importer(815301076,1909f56bfc062723c751e8b465ee728b)  -> (artifact id: '1f862002d1269eae92dd99fd3e3b20f0') in 0.004343 seconds
  Import took 0.007978 seconds .

========================================================================
Received Prepare
Registering precompiled user dll's ...
Registered in 0.001021 seconds.
Begin MonoManager ReloadAssembly
Native extension for WindowsStandalone target not found
Refreshing native plugins compatible for Editor in 0.29 ms, found 1 plugins.
Preloading 0 native plugins for Editor in 0.00 ms.
Invoked RoslynAnalysisRunner static constructor.
RoslynAnalysisRunner will not be running.
RoslynAnalysisRunner has terminated.
Mono: successfully reloaded assembly
- Completed reload, in  0.781 seconds
Platform modules already initialized, skipping
Refreshing native plugins compatible for Editor in 0.29 ms, found 1 plugins.
Preloading 0 native plugins for Editor in 0.00 ms.
Unloading 1795 Unused Serialized files (Serialized files now loaded: 0)
System memory in use before: 88.2 MB.
System memory in use after: 88.2 MB.

Unloading 12 unused Assets to reduce memory usage. Loaded Objects now: 2262.
Total: 1.554900 ms (FindLiveObjects: 0.147900 ms CreateObjectMapping: 0.054900 ms MarkObjects: 1.267900 ms  DeleteObjects: 0.083000 ms)

========================================================================
Received Import Request.
  Time since last request: 131.605015 seconds.
  path: Assets/Scripts/DM.cs
  artifactKey: Guid(117cedb464269d94a82fb0a5c8746554) Importer(815301076,1909f56bfc062723c751e8b465ee728b)
Start importing Assets/Scripts/DM.cs using Guid(117cedb464269d94a82fb0a5c8746554) Importer(815301076,1909f56bfc062723c751e8b465ee728b)  -> (artifact id: '6356ed5a0c1c57cbc3e1674d633693fe') in 0.003808 seconds
  Import took 0.007128 seconds .

========================================================================
Received Prepare
Registering precompiled user dll's ...
Registered in 0.001005 seconds.
Begin MonoManager ReloadAssembly
Native extension for WindowsStandalone target not found
Refreshing native plugins compatible for Editor in 0.30 ms, found 1 plugins.
Preloading 0 native plugins for Editor in 0.00 ms.
Invoked RoslynAnalysisRunner static constructor.
RoslynAnalysisRunner will not be running.
RoslynAnalysisRunner has terminated.
Mono: successfully reloaded assembly
- Completed reload, in  0.861 seconds
Platform modules already initialized, skipping
Refreshing native plugins compatible for Editor in 0.30 ms, found 1 plugins.
Preloading 0 native plugins for Editor in 0.00 ms.
Unloading 1795 Unused Serialized files (Serialized files now loaded: 0)
System memory in use before: 88.3 MB.
System memory in use after: 88.3 MB.

Unloading 12 unused Assets to reduce memory usage. Loaded Objects now: 2265.
Total: 1.587800 ms (FindLiveObjects: 0.165600 ms CreateObjectMapping: 0.061500 ms MarkObjects: 1.269700 ms  DeleteObjects: 0.089800 ms)

========================================================================
Received Import Request.
  Time since last request: 30.352383 seconds.
  path: Assets/Scripts/GameData.cs
  artifactKey: Guid(70fdb1adff3b65b4994e15ab9ee93554) Importer(815301076,1909f56bfc062723c751e8b465ee728b)
Start importing Assets/Scripts/GameData.cs using Guid(70fdb1adff3b65b4994e15ab9ee93554) Importer(815301076,1909f56bfc062723c751e8b465ee728b)  -> (artifact id: '790f90bdcf66931271cd127f1d1eb067') in 0.004078 seconds
  Import took 0.007477 seconds .

========================================================================
Received Prepare
Registering precompiled user dll's ...
Registered in 0.000990 seconds.
Begin MonoManager ReloadAssembly
Native extension for WindowsStandalone target not found
Refreshing native plugins compatible for Editor in 0.30 ms, found 1 plugins.
Preloading 0 native plugins for Editor in 0.00 ms.
Invoked RoslynAnalysisRunner static constructor.
RoslynAnalysisRunner will not be running.
RoslynAnalysisRunner has terminated.
Mono: successfully reloaded assembly
- Completed reload, in  0.766 seconds
Platform modules already initialized, skipping
Refreshing native plugins compatible for Editor in 0.50 ms, found 1 plugins.
Preloading 0 native plugins for Editor in 0.00 ms.
Unloading 1795 Unused Serialized files (Serialized files now loaded: 0)
System memory in use before: 88.4 MB.
System memory in use after: 88.4 MB.

Unloading 12 unused Assets to reduce memory usage. Loaded Objects now: 2268.
Total: 1.555200 ms (FindLiveObjects: 0.155200 ms CreateObjectMapping: 0.055900 ms MarkObjects: 1.246300 ms  DeleteObjects: 0.096400 ms)

========================================================================
Received Import Request.
  Time since last request: 103.572144 seconds.
  path: Assets/Scripts/PlayerController.cs
  artifactKey: Guid(def1a88217667014083db296cbc4123a) Importer(815301076,1909f56bfc062723c751e8b465ee728b)
Start importing Assets/Scripts/PlayerController.cs using Guid(def1a88217667014083db296cbc4123a) Importer(815301076,1909f56bfc062723c751e8b465ee728b)  -> (artifact id: '65192ba3395045a31b5d2db1f4396bc9') in 0.079694 seconds
  Import took 0.083243 seconds .

========================================================================
Received Prepare
Registering precompiled user dll's ...
Registered in 0.001022 seconds.
Begin MonoManager ReloadAssembly
Native extension for WindowsStandalone target not found
Refreshing native plugins compatible for Editor in 0.30 ms, found 1 plugins.
Preloading 0 native plugins for Editor in 0.00 ms.
Invoked RoslynAnalysisRunner static constructor.
RoslynAnalysisRunner will not be running.
RoslynAnalysisRunner has terminated.
Mono: successfully reloaded assembly
- Completed reload, in  0.758 seconds
Platform modules already initialized, skipping
Refreshing native plugins compatible for Editor in 0.49 ms, found 1 plugins.
Preloading 0 native plugins for Editor in 0.00 ms.
Unloading 1795 Unused Serialized files (Serialized files now loaded: 0)
System memory in use before: 88.5 MB.
System memory in use after: 88.5 MB.

Unloading 12 unused Assets to reduce memory usage. Loaded Objects now: 2271.
Total: 9.432800 ms (FindLiveObjects: 2.166100 ms CreateObjectMapping: 0.134400 ms MarkObjects: 7.007500 ms  DeleteObjects: 0.123400 ms)

========================================================================
Received Import Request.
  Time since last request: 25.117903 seconds.
  path: Assets/Scripts/SaveLoad.cs
  artifactKey: Guid(dd37b816e80ef74408146d83c42aeaf4) Importer(815301076,1909f56bfc062723c751e8b465ee728b)
Start importing Assets/Scripts/SaveLoad.cs using Guid(dd37b816e80ef74408146d83c42aeaf4) Importer(815301076,1909f56bfc062723c751e8b465ee728b)  -> (artifact id: '9631eaa2fdae101da865a5f17fd633a2') in 0.005337 seconds
  Import took 0.008998 seconds .

========================================================================
Received Prepare
Registering precompiled user dll's ...
Registered in 0.001053 seconds.
Begin MonoManager ReloadAssembly
Native extension for WindowsStandalone target not found
Refreshing native plugins compatible for Editor in 0.31 ms, found 1 plugins.
Preloading 0 native plugins for Editor in 0.00 ms.
Invoked RoslynAnalysisRunner static constructor.
RoslynAnalysisRunner will not be running.
RoslynAnalysisRunner has terminated.
Mono: successfully reloaded assembly
- Completed reload, in  0.826 seconds
Platform modules already initialized, skipping
Refreshing native plugins compatible for Editor in 0.28 ms, found 1 plugins.
Preloading 0 native plugins for Editor in 0.00 ms.
Unloading 1795 Unused Serialized files (Serialized files now loaded: 0)
System memory in use before: 88.6 MB.
System memory in use after: 88.6 MB.

Unloading 12 unused Assets to reduce memory usage. Loaded Objects now: 2274.
Total: 1.642500 ms (FindLiveObjects: 0.204500 ms CreateObjectMapping: 0.074500 ms MarkObjects: 1.272200 ms  DeleteObjects: 0.090200 ms)

========================================================================
Received Import Request.
  Time since last request: 74.643276 seconds.
  path: Assets/Scripts/SpawnManager.cs
  artifactKey: Guid(5649ce8350f4d7a41a2ea061c77fa774) Importer(815301076,1909f56bfc062723c751e8b465ee728b)
Start importing Assets/Scripts/SpawnManager.cs using Guid(5649ce8350f4d7a41a2ea061c77fa774) Importer(815301076,1909f56bfc062723c751e8b465ee728b)  -> (artifact id: 'e0f5f067462cde0e0b24d95968f354e3') in 0.004337 seconds
  Import took 0.007644 seconds .

========================================================================
Received Import Request.
  Time since last request: 0.000304 seconds.
  path: Assets/Scripts/UiManager.cs
  artifactKey: Guid(1abba303b095f6647a9606535c484f1c) Importer(815301076,1909f56bfc062723c751e8b465ee728b)
Start importing Assets/Scripts/UiManager.cs using Guid(1abba303b095f6647a9606535c484f1c) Importer(815301076,1909f56bfc062723c751e8b465ee728b)  -> (artifact id: 'f76b17153bf16d24731d3523f65cd41b') in 0.002268 seconds
  Import took 0.005232 seconds .

========================================================================
Received Prepare
Registering precompiled user dll's ...
Registered in 0.001089 seconds.
Begin MonoManager ReloadAssembly
Native extension for WindowsStandalone target not found
Refreshing native plugins compatible for Editor in 0.53 ms, found 1 plugins.
Preloading 0 native plugins for Editor in 0.00 ms.
Invoked RoslynAnalysisRunner static constructor.
RoslynAnalysisRunner will not be running.
RoslynAnalysisRunner has terminated.
Mono: successfully reloaded assembly
- Completed reload, in  0.790 seconds
Platform modules already initialized, skipping
Refreshing native plugins compatible for Editor in 0.30 ms, found 1 plugins.
Preloading 0 native plugins for Editor in 0.00 ms.
Unloading 1795 Unused Serialized files (Serialized files now loaded: 0)
System memory in use before: 88.7 MB.
System memory in use after: 88.7 MB.

Unloading 12 unused Assets to reduce memory usage. Loaded Objects now: 2277.
Total: 1.508400 ms (FindLiveObjects: 0.147600 ms CreateObjectMapping: 0.050300 ms MarkObjects: 1.224600 ms  DeleteObjects: 0.084800 ms)

========================================================================
Received Import Request.
  Time since last request: 149.682622 seconds.
  path: Assets/Scripts/UiManager.cs
  artifactKey: Guid(1abba303b095f6647a9606535c484f1c) Importer(815301076,1909f56bfc062723c751e8b465ee728b)
Start importing Assets/Scripts/UiManager.cs using Guid(1abba303b095f6647a9606535c484f1c) Importer(815301076,1909f56bfc062723c751e8b465ee728b)  -> (artifact id: '4810e08633211142c1f5101e0461185e') in 0.004135 seconds
  Import took 0.007518 seconds .

AssetImportWorkerClient::OnTransportError - code=2 error=End of file
